09, 29, 2019 (19:53:50): Starting Pre-Save actions

09, 29, 2019 (19:53:50): Starting Dialogs Check/Save
09, 29, 2019 (19:53:50): Finished Dialogs Check/Save
09, 29, 2019 (19:53:50): Starting Controlled Files Resolution
09, 29, 2019 (19:53:50): Finished Controlled Files Resolution
09, 29, 2019 (19:53:50): Finished Pre-Save actions

09, 29, 2019 (19:53:50): Creating C:\Users\Matthew\Desktop\UseCase\UseCase.rpy
09, 29, 2019 (19:53:50): 
Started writing C:\Users\Matthew\Desktop\UseCase\UseCase.rpy on Sunday, September 29, 2019 (19:53:50)

09, 29, 2019 (19:53:50): version 8.5.2
09, 29, 2019 (19:53:50): 
Started writing C:\Users\Matthew\Desktop\UseCase\UseCase_rpy\filesTable.dat on Sunday, September 29, 2019 (19:53:50)

09, 29, 2019 (19:53:50): Finished writing C:\Users\Matthew\Desktop\UseCase\UseCase_rpy\filesTable.dat on Sunday, September 29, 2019 (19:53:50)

09, 29, 2019 (19:53:50): Creating C:\Users\Matthew\Desktop\UseCase\UseCase_rpy\Default.sbs
09, 29, 2019 (19:53:50): 
Started writing C:\Users\Matthew\Desktop\UseCase\UseCase_rpy\Default.sbs on Sunday, September 29, 2019 (19:53:50)

09, 29, 2019 (19:53:50): version 8.5.2
09, 29, 2019 (19:53:50): Finished writing C:\Users\Matthew\Desktop\UseCase\UseCase_rpy\Default.sbs on Sunday, September 29, 2019 (19:53:50)

09, 29, 2019 (19:53:50): Finished writing C:\Users\Matthew\Desktop\UseCase\UseCase.rpy on Sunday, September 29, 2019 (19:53:50)

09, 29, 2019 (19:53:50): End Log
